[rpa] mode=rpa_json ran=True missing primary=6 fallback=6 model_backfill=6
[rpa] primary rc=0 queries=23 condition=new
[rpa] fallback rc=0 queries=6 condition=any
[rpa] model_backfill rc=0 queries=8 condition=any

Saved report: /Users/tadamichikimura/Downloads/dev-HQ/Reseller/docs/miner_cycle_report_latest.json
Saved active cycle manifest: /Users/tadamichikimura/Downloads/dev-HQ/Reseller/docs/miner_cycle_active.json
reviewable pending: initial=0 final=0 delta=0 target=24
cycle_id=cycle-20260227-061432 batch_size=0 cycle_ready=False
[backfill] updated=False touched=0 added=0 total=43
Saved auto miner report: /Users/tadamichikimura/Downloads/dev-HQ/Reseller/docs/miner_cycle_auto_miner_latest.json
cycle=cycle-20260227-061432 approve=0 reject=0 skipped=0 (empty batch)
Saved close report: /Users/tadamichikimura/Downloads/dev-HQ/Reseller/docs/miner_cycle_close_report_latest.json
cycle=cycle-20260227-061432 reviewed=0/0 unresolved=0 rejected=0 ready_for_tuning=False ready_for_light_tuning=False
synced rejected candidates: rows=32 added=3 total_blocked_pairs=150
blocklist=/Users/tadamichikimura/Downloads/dev-HQ/Reseller/data/miner_blocklist.json
[cycle-summary] policy_file=/Users/tadamichikimura/Downloads/dev-HQ/Reseller/docs/OPERATION_POLICY.json ok=True
$ python3 scripts/run_miner_cycle.py --target-count 24 --hard-cap 30 --min-profit-usd 0.01 --min-margin-rate 0.03 --min-match-score 0.75 --max-rounds 4 --sleep-seconds 0.8 --max-zero-gain-strikes 2 --historical-min-attempts 3 --historical-min-network-calls 6 --historical-min-gain-per-network-call 0.05 --historical-retry-every-runs 4 --duplicate-heavy-ratio-threshold 0.7 --duplicate-heavy-min-evaluated 12 --duplicate-heavy-min-duplicates 8
$ python3 scripts/auto_miner_cycle.py --min-profit-usd 0.01 --min-margin-rate 0.03 --min-ev90-usd 0.0 --min-match-score 0.75 --min-auto-approve-score 0.9 --min-token-jaccard 0.62 --max-score-drift 0.25 --output /Users/tadamichikimura/Downloads/dev-HQ/Reseller/docs/miner_cycle_auto_miner_latest.json
$ python3 scripts/close_miner_cycle.py --reject-floor 10 --min-reviewed-ratio 1.0 --min-reject-rate 0.1 --min-reject-with-issue-count 1 --auto-miner-report /Users/tadamichikimura/Downloads/dev-HQ/Reseller/docs/miner_cycle_auto_miner_latest.json --output /Users/tadamichikimura/Downloads/dev-HQ/Reseller/docs/miner_cycle_close_report_latest.json
[cycle-summary] batch_size=0 cycle_ready=False auto(approve=0, reject=0, reject_rate=0.000) close_ready=False close_ready_light=False
[cycle-summary] validation_report=/Users/tadamichikimura/Downloads/dev-HQ/Reseller/docs/miner_cycle_validation_latest.json ok=True
[cycle-warning] batch_size=0 (no review candidates were processed)
[cycle-summary] skip apply_cycle_improvements (ready_for_tuning=false, light_tuning=false)
$ python3 scripts/sync_rejected_blocklist.py
real 506.06
user 29.64
sys 7.87
