[round 1] casio gwm5610 watch -> created=0 queue+=0 now=0
[round 1] casio ga2100 watch -> created=0 queue+=0 now=0
[round 1] g-shock gw5000 watch -> created=0 queue+=0 now=0
[round 1] g-shock gw9400 watch -> created=0 queue+=0 now=0
[round 1] seiko sbga211 watch -> created=0 queue+=0 now=0
[round 1] seiko sbdc101 watch -> created=0 queue+=0 now=0
[round 1] seiko ssc813 watch -> created=0 queue+=0 now=0
[round 1] citizen nb1050 watch -> created=0 queue+=0 now=0
[round 1] citizen bj7110 watch -> created=0 queue+=0 now=0
[round 1] orient kamasu watch -> created=0 queue+=0 now=0
[round 1] orient bambino watch -> created=0 queue+=0 now=0
[round 1] citizen at6080 watch -> created=0 queue+=0 now=0
[round 1] seiko spb143 watch -> created=0 queue+=0 now=0
[round 1] casio f91w watch -> created=0 queue+=0 now=0
[round 1] casio a168 watch -> created=0 queue+=0 now=0
[round 1] seiko snk809 watch -> created=0 queue+=0 now=0
[round 1] citizen tsuyosa watch -> created=0 queue+=0 now=0
[round 1] g-shock ga110 watch -> created=0 queue+=0 now=0
[round 1] g-shock ga2100 1a1 watch -> created=0 queue+=0 now=0
[round 1] seiko prospex new watch -> created=0 queue+=0 now=0
[round 1] citizen promaster new watch -> created=0 queue+=0 now=0
[round 1] casio edifice watch -> created=0 queue+=0 now=0

Saved report: /Users/tadamichikimura/Downloads/dev-HQ/ebayminer/docs/review_cycle_report_latest.json
Saved active cycle manifest: /Users/tadamichikimura/Downloads/dev-HQ/ebayminer/docs/review_cycle_active.json
reviewable pending: initial=0 final=0 delta=0 target=24
cycle_id=cycle-20260219-201733 batch_size=0
Saved auto review report: /Users/tadamichikimura/Downloads/dev-HQ/ebayminer/docs/review_cycle_auto_review_latest.json
cycle=cycle-20260219-201733 approve=0 reject=0 skipped=0 (empty batch)
Saved close report: /Users/tadamichikimura/Downloads/dev-HQ/ebayminer/docs/review_cycle_close_report_latest.json
cycle=cycle-20260219-201733 reviewed=0/0 unresolved=0 rejected_with_reason=0 ready_for_tuning=False
Applied cycle improvements: cycle=cycle-20260219-201733 added_blocked_pairs=0 total_blocked_pairs=3
blocklist=/Users/tadamichikimura/Downloads/dev-HQ/ebayminer/data/review_blocklist.json (no-op: empty batch)
$ python3 scripts/run_review_cycle.py --target-count 24 --hard-cap 30 --min-profit-usd 0.01 --min-match-score 0.75 --max-rounds 1 --sleep-seconds 0.2
$ python3 scripts/auto_review_cycle.py --min-profit-usd 0.01 --min-margin-rate 0.03 --min-match-score 0.75
$ python3 scripts/close_review_cycle.py --reject-floor 2
$ python3 scripts/apply_cycle_improvements.py
