[progress] {"phase": "startup", "message": "Product Research 取得を開始します", "progress_percent": 0.5, "query": "", "query_index": 0, "total_queries": 1, "at": "2026-02-25T23:33:55Z", "extra": {"headless": false}}
[progress] {"phase": "login_url_loaded", "message": "Product Research画面へ遷移しました", "progress_percent": 1.5, "query": "", "query_index": 0, "total_queries": 1, "at": "2026-02-25T23:34:03Z"}
[login] waiting 1800s. Complete sign-in + 2FA if needed.
Traceback (most recent call last):
  File "/Users/tadamichikimura/Downloads/dev-HQ/Reseller/scripts/rpa_market_research.py", line 4216, in <module>
    raise SystemExit(main())
                     ~~~~^^
  File "/Users/tadamichikimura/Downloads/dev-HQ/Reseller/scripts/rpa_market_research.py", line 4212, in main
    return run(args)
  File "/Users/tadamichikimura/Downloads/dev-HQ/Reseller/scripts/rpa_market_research.py", line 3462, in run
    page.wait_for_timeout(int(args.pause_for_login * 1000))
    ~~~~~~~~~~~~~~~~~~~~~^^^^^^^^^^^^^^^^^^^^^^^^^^^^^^^^^^
  File "/Users/tadamichikimura/Downloads/dev-HQ/Reseller/.venv/lib/python3.13/site-packages/playwright/sync_api/_generated.py", line 11536, in wait_for_timeout
    self._sync(self._impl_obj.wait_for_timeout(timeout=timeout))
    ~~~~~~~~~~^^^^^^^^^^^^^^^^^^^^^^^^^^^^^^^^^^^^^^^^^^^^^^^^^^
  File "/Users/tadamichikimura/Downloads/dev-HQ/Reseller/.venv/lib/python3.13/site-packages/playwright/_impl/_sync_base.py", line 115, in _sync
    return task.result()
           ~~~~~~~~~~~^^
  File "/Users/tadamichikimura/Downloads/dev-HQ/Reseller/.venv/lib/python3.13/site-packages/playwright/_impl/_page.py", line 1101, in wait_for_timeout
    await self._main_frame.wait_for_timeout(timeout)
  File "/Users/tadamichikimura/Downloads/dev-HQ/Reseller/.venv/lib/python3.13/site-packages/playwright/_impl/_frame.py", line 862, in wait_for_timeout
    await self._channel.send("waitForTimeout", None, {"waitTimeout": timeout})
  File "/Users/tadamichikimura/Downloads/dev-HQ/Reseller/.venv/lib/python3.13/site-packages/playwright/_impl/_connection.py", line 69, in send
    return await self._connection.wrap_api_call(
           ^^^^^^^^^^^^^^^^^^^^^^^^^^^^^^^^^^^^^
    ...<3 lines>...
    )
    ^
  File "/Users/tadamichikimura/Downloads/dev-HQ/Reseller/.venv/lib/python3.13/site-packages/playwright/_impl/_connection.py", line 559, in wrap_api_call
    raise rewrite_error(error, f"{parsed_st['apiName']}: {error}") from None
playwright._impl._errors.TargetClosedError: Page.wait_for_timeout: Target page, context or browser has been closed
