[round 1] casio gwm5610 watch -> created=0 queue+=0 now=0
[round 1] casio ga2100 watch -> created=0 queue+=0 now=0
[round 1] g-shock gw5000 watch -> created=0 queue+=0 now=0
[round 1] g-shock gw9400 watch -> created=0 queue+=0 now=0
[round 1] seiko sbga211 watch -> created=0 queue+=0 now=0
[round 1] seiko sbdc101 watch -> created=0 queue+=0 now=0
[round 1] seiko ssc813 watch -> created=0 queue+=0 now=0
[round 1] citizen nb1050 watch -> created=0 queue+=0 now=0
[round 1] citizen bj7110 watch -> created=0 queue+=0 now=0
[round 1] orient kamasu watch -> created=0 queue+=0 now=0
[round 1] orient bambino watch -> created=0 queue+=0 now=0
[round 1] citizen at6080 watch -> created=0 queue+=0 now=0
[round 1] seiko spb143 watch -> created=0 queue+=0 now=0
[round 1] casio f91w watch -> created=0 queue+=0 now=0
[round 1] casio a168 watch -> created=0 queue+=0 now=0
[round 1] seiko snk809 watch -> created=0 queue+=0 now=0
[round 1] citizen tsuyosa watch -> created=0 queue+=0 now=0
[round 1] g-shock ga110 watch -> created=0 queue+=0 now=0
[round 1] g-shock ga2100 1a1 watch -> created=0 queue+=0 now=0
[round 1] seiko prospex new watch -> created=0 queue+=0 now=0
[round 1] citizen promaster new watch -> created=0 queue+=0 now=0
[round 1] casio edifice watch -> created=0 queue+=0 now=0

Saved report: /Users/tadamichikimura/Downloads/dev-HQ/ebayminer/docs/review_cycle_report_latest.json
Saved active cycle manifest: /Users/tadamichikimura/Downloads/dev-HQ/ebayminer/docs/review_cycle_active.json
reviewable pending: initial=0 final=0 delta=0 target=24
cycle_id=cycle-20260219-200737 batch_size=0
Traceback (most recent call last):
  File "/Users/tadamichikimura/Downloads/dev-HQ/ebayminer/scripts/auto_review_cycle.py", line 302, in <module>
    raise SystemExit(main())
                     ~~~~^^
  File "/Users/tadamichikimura/Downloads/dev-HQ/ebayminer/scripts/auto_review_cycle.py", line 236, in main
    raise ValueError("selected_candidate_ids is empty")
ValueError: selected_candidate_ids is empty
$ python3 scripts/run_review_cycle.py --target-count 24 --hard-cap 30 --min-profit-usd 0.01 --min-match-score 0.75 --max-rounds 1 --sleep-seconds 0.2
$ python3 scripts/auto_review_cycle.py --min-profit-usd 0.01 --min-margin-rate 0.03 --min-match-score 0.75
Traceback (most recent call last):
  File "/Users/tadamichikimura/Downloads/dev-HQ/ebayminer/scripts/run_autonomous_cycle.py", line 75, in <module>
    raise SystemExit(main())
                     ~~~~^^
  File "/Users/tadamichikimura/Downloads/dev-HQ/ebayminer/scripts/run_autonomous_cycle.py", line 50, in main
    run_cmd(
    ~~~~~~~^
        [
        ^
    ...<8 lines>...
        ]
        ^
    )
    ^
  File "/Users/tadamichikimura/Downloads/dev-HQ/ebayminer/scripts/run_autonomous_cycle.py", line 17, in run_cmd
    subprocess.run(args, cwd=str(ROOT_DIR), check=True)
    ~~~~~~~~~~~~~~^^^^^^^^^^^^^^^^^^^^^^^^^^^^^^^^^^^^^
  File "/opt/homebrew/Cellar/python@3.13/3.13.1/Frameworks/Python.framework/Versions/3.13/lib/python3.13/subprocess.py", line 577, in run
    raise CalledProcessError(retcode, process.args,
                             output=stdout, stderr=stderr)
subprocess.CalledProcessError: Command '['python3', 'scripts/auto_review_cycle.py', '--min-profit-usd', '0.01', '--min-margin-rate', '0.03', '--min-match-score', '0.75']' returned non-zero exit status 1.
