# run 10 | started_at=2026-02-19T23:10:44Z | ended_at=2026-02-19T23:11:42Z | returncode=0

## stdout

[round 1] g-shock gw5000 watch -> created=15 queue+=15 now=17 api(network/cache)=3/0
[round 1] g-shock gw9400 watch -> created=0 queue+=0 now=17 api(network/cache)=2/1
[round 1] casio gwm5610 watch -> created=0 queue+=0 now=15 api(network/cache)=3/0
[round 1] casio f91w watch -> created=2 queue+=0 now=15 api(network/cache)=3/0
[round 1] casio a168 watch -> created=0 queue+=0 now=14 api(network/cache)=2/2
[round 1] casio ga2100 watch -> created=0 queue+=0 now=13 api(network/cache)=2/2
[round 1] seiko sbga211 watch -> created=0 queue+=0 now=11 api(network/cache)=3/1
[round 1] seiko ssc813 watch -> created=0 queue+=0 now=11 api(network/cache)=3/2
[round 1] citizen bj7110 watch -> created=0 queue+=0 now=11 api(network/cache)=1/3
[round 1] orient kamasu watch -> created=0 queue+=0 now=11 api(network/cache)=3/0
[round 1] orient bambino watch -> created=0 queue+=0 now=10 api(network/cache)=3/1
[round 1] seiko spb143 watch -> created=0 queue+=0 now=9 api(network/cache)=3/2
[round 1] seiko snk809 watch -> created=1 queue+=0 now=6 api(network/cache)=5/1
[round 1] citizen tsuyosa watch -> created=0 queue+=0 now=4 api(network/cache)=3/1
[round 1] g-shock ga110 watch -> created=1 queue+=0 now=4 api(network/cache)=3/0
[round 1] g-shock ga2100 1a1 watch -> created=1 queue+=0 now=4 api(network/cache)=4/0
[round 1] seiko prospex new watch -> created=0 queue+=0 now=4 api(network/cache)=3/1
[round 1] citizen promaster new watch -> created=0 queue+=0 now=4 api(network/cache)=3/1
[round 1] casio edifice watch -> created=0 queue+=0 now=4 api(network/cache)=3/0
[round 1] seiko sbdc101 watch -> created=0 queue+=0 now=4 api(network/cache)=6/0
[round 2] g-shock gw5000 watch -> created=3 queue+=3 now=7 api(network/cache)=3/0
[round 2] casio f91w watch -> created=1 queue+=0 now=6 api(network/cache)=3/0
[round 2] casio a168 watch -> created=0 queue+=0 now=5 api(network/cache)=1/2
[round 2] seiko snk809 watch -> created=0 queue+=0 now=4 api(network/cache)=2/1
[round 2] g-shock ga110 watch -> created=0 queue+=0 now=2 api(network/cache)=3/0
[round 2] g-shock ga2100 1a1 watch -> created=0 queue+=0 now=1 api(network/cache)=2/1

Saved report: /Users/tadamichikimura/Downloads/dev-HQ/ebayminer/docs/review_cycle_report_latest.json
Saved active cycle manifest: /Users/tadamichikimura/Downloads/dev-HQ/ebayminer/docs/review_cycle_active.json
reviewable pending: initial=2 final=1 delta=-1 target=24
cycle_id=cycle-20260219-231141 batch_size=1 cycle_ready=False
Saved auto review report: /Users/tadamichikimura/Downloads/dev-HQ/ebayminer/docs/review_cycle_auto_review_latest.json
cycle=cycle-20260219-231141 approve=1 reject=0 skipped=0
Saved close report: /Users/tadamichikimura/Downloads/dev-HQ/ebayminer/docs/review_cycle_close_report_latest.json
cycle=cycle-20260219-231141 reviewed=1/1 unresolved=0 rejected=0 ready_for_tuning=False
synced rejected candidates: rows=93 added=2 total_blocked_pairs=91
blocklist=/Users/tadamichikimura/Downloads/dev-HQ/ebayminer/data/review_blocklist.json
$ python3 scripts/run_review_cycle.py --target-count 24 --hard-cap 30 --min-profit-usd 0.01 --min-margin-rate 0.03 --min-match-score 0.75 --max-rounds 2 --sleep-seconds 0.2 --max-zero-gain-strikes 2 --daily-budget-ebay 120 --daily-budget-rakuten 120 --daily-budget-yahoo 120
$ python3 scripts/auto_review_cycle.py --min-profit-usd 0.01 --min-margin-rate 0.03 --min-match-score 0.75 --min-auto-approve-score 0.9 --min-token-jaccard 0.62 --max-score-drift 0.25 --output /Users/tadamichikimura/Downloads/dev-HQ/ebayminer/docs/review_cycle_auto_review_latest.json
$ python3 scripts/close_review_cycle.py --reject-floor 10 --min-reviewed-ratio 1.0 --min-reject-rate 0.1 --min-reject-with-issue-count 1 --auto-review-report /Users/tadamichikimura/Downloads/dev-HQ/ebayminer/docs/review_cycle_auto_review_latest.json --output /Users/tadamichikimura/Downloads/dev-HQ/ebayminer/docs/review_cycle_close_report_latest.json
[cycle-summary] batch_size=1 cycle_ready=False auto(approve=1, reject=0, reject_rate=0.000) close_ready=False
[cycle-summary] validation_report=/Users/tadamichikimura/Downloads/dev-HQ/ebayminer/docs/review_cycle_validation_latest.json ok=True
[cycle-summary] skip apply_cycle_improvements (ready_for_tuning=false)
$ python3 scripts/sync_rejected_blocklist.py


## stderr

